<?xml version="1.0" encoding="UTF-8"?>
<coverage generated="1679829892">
  <project timestamp="1679829892">
    <file name="/home/runner/work/redbox-validation/redbox-validation/src/Attributes/ValidationRule.php">
      <class name="Redbox\Validation\Attributes\ValidationRule" namespace="global">
        <metrics complexity="1" methods="1" coveredmethods="1" conditionals="0" coveredconditionals="0" statements="1" coveredstatements="1" elements="2" coveredelements="2"/>
      </class>
      <line num="22" type="method" name="__construct" visibility="public" complexity="1" crap="1" count="40"/>
      <line num="24" type="stmt" count="40"/>
      <metrics loc="26" ncloc="17" classes="1" methods="1" coveredmethods="1" conditionals="0" coveredconditionals="0" statements="1" coveredstatements="1" elements="2" coveredelements="2"/>
    </file>
    <file name="/home/runner/work/redbox-validation/redbox-validation/src/Exceptions/ValidationDefinitionException.php">
      <class name="Redbox\Validation\Exceptions\ValidationDefinitionException" namespace="global">
        <metrics complexity="0" methods="0" coveredmethods="0" conditionals="0" coveredconditionals="0" statements="0" coveredstatements="0" elements="0" coveredelements="0"/>
      </class>
      <metrics loc="20" ncloc="11" classes="0" methods="0" coveredmethods="0" conditionals="0" coveredconditionals="0" statements="0" coveredstatements="0" elements="0" coveredelements="0"/>
    </file>
    <file name="/home/runner/work/redbox-validation/redbox-validation/src/Exceptions/ValidationException.php">
      <class name="Redbox\Validation\Exceptions\ValidationException" namespace="global">
        <metrics complexity="0" methods="0" coveredmethods="0" conditionals="0" coveredconditionals="0" statements="0" coveredstatements="0" elements="0" coveredelements="0"/>
      </class>
      <metrics loc="20" ncloc="11" classes="0" methods="0" coveredmethods="0" conditionals="0" coveredconditionals="0" statements="0" coveredstatements="0" elements="0" coveredelements="0"/>
    </file>
    <file name="/home/runner/work/redbox-validation/redbox-validation/src/TypeResolver.php">
      <class name="Redbox\Validation\TypeResolver" namespace="global">
        <metrics complexity="7" methods="2" coveredmethods="2" conditionals="0" coveredconditionals="0" statements="17" coveredstatements="17" elements="19" coveredelements="19"/>
      </class>
      <line num="30" type="method" name="resolve" visibility="private" complexity="3" crap="3" count="40"/>
      <line num="32" type="stmt" count="40"/>
      <line num="33" type="stmt" count="40"/>
      <line num="35" type="stmt" count="40"/>
      <line num="36" type="stmt" count="40"/>
      <line num="37" type="stmt" count="40"/>
      <line num="39" type="stmt" count="40"/>
      <line num="40" type="stmt" count="40"/>
      <line num="41" type="stmt" count="40"/>
      <line num="45" type="stmt" count="40"/>
      <line num="56" type="method" name="resolveTypes" visibility="public" complexity="4" crap="4" count="40"/>
      <line num="58" type="stmt" count="40"/>
      <line num="59" type="stmt" count="40"/>
      <line num="61" type="stmt" count="40"/>
      <line num="62" type="stmt" count="40"/>
      <line num="63" type="stmt" count="40"/>
      <line num="64" type="stmt" count="40"/>
      <line num="65" type="stmt" count="40"/>
      <line num="70" type="stmt" count="40"/>
      <metrics loc="73" ncloc="47" classes="1" methods="2" coveredmethods="2" conditionals="0" coveredconditionals="0" statements="17" coveredstatements="17" elements="19" coveredelements="19"/>
    </file>
    <file name="/home/runner/work/redbox-validation/redbox-validation/src/ValidationContext.php">
      <class name="Redbox\Validation\ValidationContext" namespace="global">
        <metrics complexity="9" methods="8" coveredmethods="8" conditionals="0" coveredconditionals="0" statements="15" coveredstatements="15" elements="23" coveredelements="23"/>
      </class>
      <line num="64" type="method" name="__construct" visibility="public" complexity="1" crap="1" count="40"/>
      <line num="66" type="stmt" count="40"/>
      <line num="74" type="method" name="keyExists" visibility="public" complexity="1" crap="1" count="29"/>
      <line num="76" type="stmt" count="29"/>
      <line num="85" type="method" name="fails" visibility="public" complexity="1" crap="1" count="39"/>
      <line num="87" type="stmt" count="39"/>
      <line num="96" type="method" name="passes" visibility="public" complexity="1" crap="1" count="2"/>
      <line num="98" type="stmt" count="2"/>
      <line num="107" type="method" name="getValue" visibility="public" complexity="1" crap="1" count="19"/>
      <line num="109" type="stmt" count="19"/>
      <line num="118" type="method" name="getKey" visibility="public" complexity="1" crap="1" count="23"/>
      <line num="120" type="stmt" count="23"/>
      <line num="130" type="method" name="addError" visibility="public" complexity="2" crap="2" count="23"/>
      <line num="132" type="stmt" count="23"/>
      <line num="133" type="stmt" count="23"/>
      <line num="135" type="stmt" count="23"/>
      <line num="148" type="method" name="run" visibility="public" complexity="1" crap="1" count="39"/>
      <line num="150" type="stmt" count="39"/>
      <line num="151" type="stmt" count="39"/>
      <line num="152" type="stmt" count="39"/>
      <line num="153" type="stmt" count="39"/>
      <line num="155" type="stmt" count="39"/>
      <line num="156" type="stmt" count="39"/>
      <metrics loc="159" ncloc="68" classes="1" methods="8" coveredmethods="8" conditionals="0" coveredconditionals="0" statements="15" coveredstatements="15" elements="23" coveredelements="23"/>
    </file>
    <file name="/home/runner/work/redbox-validation/redbox-validation/src/ValidationTypes/TypeDefinitions.php">
      <class name="Redbox\Validation\ValidationTypes\TypeDefinitions" namespace="global">
        <metrics complexity="9" methods="3" coveredmethods="3" conditionals="0" coveredconditionals="0" statements="6" coveredstatements="6" elements="9" coveredelements="9"/>
      </class>
      <line num="22" type="method" name="isBoolean" visibility="public" complexity="3" crap="3" count="12"/>
      <line num="26" type="stmt" count="12"/>
      <line num="27" type="stmt" count="12"/>
      <line num="30" type="method" name="string" visibility="public" complexity="3" crap="3" count="8"/>
      <line num="33" type="stmt" count="8"/>
      <line num="34" type="stmt" count="8"/>
      <line num="37" type="method" name="integer" visibility="public" complexity="3" crap="3" count="9"/>
      <line num="41" type="stmt" count="9"/>
      <line num="42" type="stmt" count="9"/>
      <metrics loc="45" ncloc="36" classes="1" methods="3" coveredmethods="3" conditionals="0" coveredconditionals="0" statements="6" coveredstatements="6" elements="9" coveredelements="9"/>
    </file>
    <file name="/home/runner/work/redbox-validation/redbox-validation/src/Validator.php">
      <class name="Redbox\Validation\Validator" namespace="global">
        <metrics complexity="19" methods="11" coveredmethods="11" conditionals="0" coveredconditionals="0" statements="40" coveredstatements="40" elements="51" coveredelements="51"/>
      </class>
      <line num="61" type="method" name="__construct" visibility="public" complexity="1" crap="1" count="40"/>
      <line num="63" type="stmt" count="40"/>
      <line num="70" type="method" name="defineTypes" visibility="private" complexity="1" crap="1" count="40"/>
      <line num="72" type="stmt" count="40"/>
      <line num="73" type="stmt" count="40"/>
      <line num="74" type="stmt" count="40"/>
      <line num="75" type="stmt" count="40"/>
      <line num="76" type="stmt" count="40"/>
      <line num="88" type="method" name="defineCustomTypes" visibility="public" complexity="1" crap="1" count="10"/>
      <line num="90" type="stmt" count="10"/>
      <line num="99" type="method" name="getRules" visibility="public" complexity="1" crap="1" count="6"/>
      <line num="101" type="stmt" count="6"/>
      <line num="113" type="method" name="addRule" visibility="private" complexity="2" crap="2" count="38"/>
      <line num="115" type="stmt" count="38"/>
      <line num="116" type="stmt" count="38"/>
      <line num="117" type="stmt" count="38"/>
      <line num="118" type="stmt" count="38"/>
      <line num="119" type="stmt" count="38"/>
      <line num="120" type="stmt" count="38"/>
      <line num="150" type="method" name="validate" visibility="public" complexity="8" crap="8" count="38"/>
      <line num="153" type="stmt" count="38"/>
      <line num="154" type="stmt" count="38"/>
      <line num="155" type="stmt" count="38"/>
      <line num="157" type="stmt" count="38"/>
      <line num="158" type="stmt" count="38"/>
      <line num="161" type="stmt" count="37"/>
      <line num="162" type="stmt" count="37"/>
      <line num="163" type="stmt" count="37"/>
      <line num="164" type="stmt" count="37"/>
      <line num="165" type="stmt" count="4"/>
      <line num="166" type="stmt" count="33"/>
      <line num="167" type="stmt" count="33"/>
      <line num="170" type="stmt" count="37"/>
      <line num="171" type="stmt" count="37"/>
      <line num="173" type="stmt" count="37"/>
      <line num="174" type="stmt" count="25"/>
      <line num="179" type="stmt" count="37"/>
      <line num="180" type="stmt" count="25"/>
      <line num="181" type="stmt" count="25"/>
      <line num="184" type="stmt" count="14"/>
      <line num="193" type="method" name="fails" visibility="public" complexity="1" crap="1" count="2"/>
      <line num="195" type="stmt" count="2"/>
      <line num="204" type="method" name="passes" visibility="public" complexity="1" crap="1" count="1"/>
      <line num="205" type="stmt" count="1"/>
      <line num="216" type="method" name="addError" visibility="public" complexity="1" crap="1" count="23"/>
      <line num="218" type="stmt" count="23"/>
      <line num="227" type="method" name="hasErrors" visibility="public" complexity="1" crap="1" count="1"/>
      <line num="229" type="stmt" count="1"/>
      <line num="237" type="method" name="errors" visibility="public" complexity="1" crap="1" count="29"/>
      <line num="239" type="stmt" count="29"/>
      <metrics loc="242" ncloc="117" classes="1" methods="11" coveredmethods="11" conditionals="0" coveredconditionals="0" statements="40" coveredstatements="40" elements="51" coveredelements="51"/>
    </file>
    <metrics files="7" loc="585" ncloc="307" classes="5" methods="25" coveredmethods="25" conditionals="0" coveredconditionals="0" statements="79" coveredstatements="79" elements="104" coveredelements="104"/>
  </project>
</coverage>
