<?xml version="1.0" encoding="UTF-8"?>
<coverage generated="1679826198">
  <project timestamp="1679826198">
    <file name="/home/runner/work/redbox-validation/redbox-validation/src/Attributes/ValidationRule.php">
      <class name="Redbox\Validation\Attributes\ValidationRule" namespace="global">
        <metrics complexity="1" methods="1" coveredmethods="1" conditionals="0" coveredconditionals="0" statements="1" coveredstatements="1" elements="2" coveredelements="2"/>
      </class>
      <line num="22" type="method" name="__construct" visibility="public" complexity="1" crap="1" count="25"/>
      <line num="24" type="stmt" count="25"/>
      <metrics loc="26" ncloc="17" classes="1" methods="1" coveredmethods="1" conditionals="0" coveredconditionals="0" statements="1" coveredstatements="1" elements="2" coveredelements="2"/>
    </file>
    <file name="/home/runner/work/redbox-validation/redbox-validation/src/Exceptions/ValidationDefinitionException.php">
      <class name="Redbox\Validation\Exceptions\ValidationDefinitionException" namespace="global">
        <metrics complexity="0" methods="0" coveredmethods="0" conditionals="0" coveredconditionals="0" statements="0" coveredstatements="0" elements="0" coveredelements="0"/>
      </class>
      <metrics loc="20" ncloc="11" classes="0" methods="0" coveredmethods="0" conditionals="0" coveredconditionals="0" statements="0" coveredstatements="0" elements="0" coveredelements="0"/>
    </file>
    <file name="/home/runner/work/redbox-validation/redbox-validation/src/Exceptions/ValidationException.php">
      <class name="Redbox\Validation\Exceptions\ValidationException" namespace="global">
        <metrics complexity="0" methods="0" coveredmethods="0" conditionals="0" coveredconditionals="0" statements="0" coveredstatements="0" elements="0" coveredelements="0"/>
      </class>
      <metrics loc="20" ncloc="11" classes="0" methods="0" coveredmethods="0" conditionals="0" coveredconditionals="0" statements="0" coveredstatements="0" elements="0" coveredelements="0"/>
    </file>
    <file name="/home/runner/work/redbox-validation/redbox-validation/src/TypeResolver.php">
      <class name="Redbox\Validation\TypeResolver" namespace="global">
        <metrics complexity="7" methods="2" coveredmethods="2" conditionals="0" coveredconditionals="0" statements="17" coveredstatements="17" elements="19" coveredelements="19"/>
      </class>
      <line num="30" type="method" name="resolve" visibility="private" complexity="3" crap="3" count="25"/>
      <line num="32" type="stmt" count="25"/>
      <line num="33" type="stmt" count="25"/>
      <line num="35" type="stmt" count="25"/>
      <line num="36" type="stmt" count="25"/>
      <line num="37" type="stmt" count="25"/>
      <line num="39" type="stmt" count="25"/>
      <line num="40" type="stmt" count="25"/>
      <line num="41" type="stmt" count="25"/>
      <line num="45" type="stmt" count="25"/>
      <line num="56" type="method" name="resolveTypes" visibility="public" complexity="4" crap="4" count="25"/>
      <line num="58" type="stmt" count="25"/>
      <line num="59" type="stmt" count="25"/>
      <line num="61" type="stmt" count="25"/>
      <line num="62" type="stmt" count="25"/>
      <line num="63" type="stmt" count="25"/>
      <line num="64" type="stmt" count="25"/>
      <line num="65" type="stmt" count="25"/>
      <line num="70" type="stmt" count="25"/>
      <metrics loc="73" ncloc="47" classes="1" methods="2" coveredmethods="2" conditionals="0" coveredconditionals="0" statements="17" coveredstatements="17" elements="19" coveredelements="19"/>
    </file>
    <file name="/home/runner/work/redbox-validation/redbox-validation/src/ValidationContext.php">
      <class name="Redbox\Validation\ValidationContext" namespace="global">
        <metrics complexity="8" methods="7" coveredmethods="7" conditionals="0" coveredconditionals="0" statements="14" coveredstatements="14" elements="21" coveredelements="21"/>
      </class>
      <line num="64" type="method" name="__construct" visibility="public" complexity="1" crap="1" count="25"/>
      <line num="66" type="stmt" count="25"/>
      <line num="74" type="method" name="keyExists" visibility="public" complexity="1" crap="1" count="16"/>
      <line num="76" type="stmt" count="16"/>
      <line num="85" type="method" name="isPassing" visibility="public" complexity="1" crap="1" count="24"/>
      <line num="87" type="stmt" count="24"/>
      <line num="96" type="method" name="getValue" visibility="public" complexity="1" crap="1" count="12"/>
      <line num="98" type="stmt" count="12"/>
      <line num="107" type="method" name="getKey" visibility="public" complexity="1" crap="1" count="13"/>
      <line num="109" type="stmt" count="13"/>
      <line num="119" type="method" name="addError" visibility="public" complexity="2" crap="2" count="13"/>
      <line num="121" type="stmt" count="13"/>
      <line num="122" type="stmt" count="13"/>
      <line num="124" type="stmt" count="13"/>
      <line num="137" type="method" name="run" visibility="public" complexity="1" crap="1" count="24"/>
      <line num="139" type="stmt" count="24"/>
      <line num="140" type="stmt" count="24"/>
      <line num="141" type="stmt" count="24"/>
      <line num="142" type="stmt" count="24"/>
      <line num="144" type="stmt" count="24"/>
      <line num="145" type="stmt" count="24"/>
      <metrics loc="148" ncloc="63" classes="1" methods="7" coveredmethods="7" conditionals="0" coveredconditionals="0" statements="14" coveredstatements="14" elements="21" coveredelements="21"/>
    </file>
    <file name="/home/runner/work/redbox-validation/redbox-validation/src/ValidationTypes/TypeDefinitions.php">
      <class name="Redbox\Validation\ValidationTypes\TypeDefinitions" namespace="global">
        <metrics complexity="6" methods="2" coveredmethods="2" conditionals="0" coveredconditionals="0" statements="4" coveredstatements="4" elements="6" coveredelements="6"/>
      </class>
      <line num="22" type="method" name="isBoolean" visibility="public" complexity="3" crap="3" count="8"/>
      <line num="25" type="stmt" count="8"/>
      <line num="26" type="stmt" count="8"/>
      <line num="29" type="method" name="string" visibility="public" complexity="3" crap="3" count="8"/>
      <line num="32" type="stmt" count="8"/>
      <line num="33" type="stmt" count="8"/>
      <metrics loc="36" ncloc="27" classes="1" methods="2" coveredmethods="2" conditionals="0" coveredconditionals="0" statements="4" coveredstatements="4" elements="6" coveredelements="6"/>
    </file>
    <file name="/home/runner/work/redbox-validation/redbox-validation/src/Validator.php">
      <class name="Redbox\Validation\Validator" namespace="global">
        <metrics complexity="18" methods="10" coveredmethods="10" conditionals="0" coveredconditionals="0" statements="39" coveredstatements="39" elements="49" coveredelements="49"/>
      </class>
      <line num="61" type="method" name="__construct" visibility="public" complexity="1" crap="1" count="25"/>
      <line num="63" type="stmt" count="25"/>
      <line num="70" type="method" name="defineTypes" visibility="private" complexity="1" crap="1" count="25"/>
      <line num="72" type="stmt" count="25"/>
      <line num="73" type="stmt" count="25"/>
      <line num="74" type="stmt" count="25"/>
      <line num="75" type="stmt" count="25"/>
      <line num="76" type="stmt" count="25"/>
      <line num="88" type="method" name="defineCustomTypes" visibility="public" complexity="1" crap="1" count="17"/>
      <line num="90" type="stmt" count="17"/>
      <line num="99" type="method" name="getRules" visibility="public" complexity="1" crap="1" count="6"/>
      <line num="101" type="stmt" count="6"/>
      <line num="113" type="method" name="addRule" visibility="private" complexity="2" crap="2" count="25"/>
      <line num="115" type="stmt" count="25"/>
      <line num="116" type="stmt" count="25"/>
      <line num="117" type="stmt" count="25"/>
      <line num="118" type="stmt" count="25"/>
      <line num="119" type="stmt" count="25"/>
      <line num="120" type="stmt" count="25"/>
      <line num="150" type="method" name="validate" visibility="public" complexity="8" crap="8" count="25"/>
      <line num="153" type="stmt" count="25"/>
      <line num="154" type="stmt" count="25"/>
      <line num="155" type="stmt" count="25"/>
      <line num="157" type="stmt" count="25"/>
      <line num="158" type="stmt" count="25"/>
      <line num="161" type="stmt" count="24"/>
      <line num="162" type="stmt" count="24"/>
      <line num="163" type="stmt" count="24"/>
      <line num="164" type="stmt" count="24"/>
      <line num="165" type="stmt" count="4"/>
      <line num="166" type="stmt" count="20"/>
      <line num="167" type="stmt" count="20"/>
      <line num="170" type="stmt" count="24"/>
      <line num="171" type="stmt" count="24"/>
      <line num="173" type="stmt" count="24"/>
      <line num="174" type="stmt" count="15"/>
      <line num="179" type="stmt" count="24"/>
      <line num="180" type="stmt" count="15"/>
      <line num="181" type="stmt" count="15"/>
      <line num="184" type="stmt" count="11"/>
      <line num="193" type="method" name="didPass" visibility="public" complexity="1" crap="1" count="2"/>
      <line num="195" type="stmt" count="2"/>
      <line num="206" type="method" name="addError" visibility="public" complexity="1" crap="1" count="13"/>
      <line num="208" type="stmt" count="13"/>
      <line num="217" type="method" name="hasErrors" visibility="public" complexity="1" crap="1" count="1"/>
      <line num="219" type="stmt" count="1"/>
      <line num="227" type="method" name="getErrors" visibility="public" complexity="1" crap="1" count="16"/>
      <line num="229" type="stmt" count="16"/>
      <metrics loc="232" ncloc="113" classes="1" methods="10" coveredmethods="10" conditionals="0" coveredconditionals="0" statements="39" coveredstatements="39" elements="49" coveredelements="49"/>
    </file>
    <metrics files="7" loc="555" ncloc="289" classes="5" methods="22" coveredmethods="22" conditionals="0" coveredconditionals="0" statements="75" coveredstatements="75" elements="97" coveredelements="97"/>
  </project>
</coverage>
